[23:24:10] [Client thread/INFO]: Setting user: Player773
[23:24:12] [Client thread/INFO]: [OptiFine] *** Reflector Forge ***
[23:24:12] [Client thread/INFO]: [OptiFine] (Reflector) Class not present: net.minecraftforge.client.model.Attributes
[23:24:12] [Client thread/INFO]: [OptiFine] (Reflector) Class not present: mods.betterfoliage.client.BetterFoliageClient
[23:24:12] [Client thread/INFO]: [OptiFine] (Reflector) Class not present: net.minecraftforge.fml.common.asm.transformers.BlamingTransformer
[23:24:12] [Client thread/INFO]: [OptiFine] (Reflector) Class not present: net.minecraftforge.event.world.ChunkWatchEvent$UnWatch
[23:24:12] [Client thread/INFO]: [OptiFine] (Reflector) Class not present: net.minecraftforge.fml.relauncher.CoreModManager
[23:24:12] [Client thread/INFO]: [OptiFine] (Reflector) Class not present: net.minecraftforge.common.DimensionManager
[23:24:12] [Client thread/INFO]: [OptiFine] (Reflector) Class not present: net.minecraftforge.client.event.GuiScreenEvent$DrawScreenEvent$Pre
[23:24:12] [Client thread/INFO]: [OptiFine] (Reflector) Class not present: net.minecraftforge.client.event.GuiScreenEvent$DrawScreenEvent$Post
[23:24:12] [Client thread/INFO]: [OptiFine] (Reflector) Class not present: net.minecraftforge.client.event.EntityViewRenderEvent$CameraSetup
[23:24:12] [Client thread/INFO]: [OptiFine] (Reflector) Class not present: net.minecraftforge.client.event.EntityViewRenderEvent$FogColors
[23:24:12] [Client thread/INFO]: [OptiFine] (Reflector) Class not present: net.minecraftforge.client.event.EntityViewRenderEvent$RenderFogEvent
[23:24:12] [Client thread/INFO]: [OptiFine] (Reflector) Class not present: net.minecraftforge.fml.common.eventhandler.Event
[23:24:12] [Client thread/INFO]: [OptiFine] (Reflector) Class not present: net.minecraftforge.fml.common.eventhandler.EventBus
[23:24:12] [Client thread/INFO]: [OptiFine] (Reflector) Class not present: net.minecraftforge.fml.common.eventhandler.Event$Result
[23:24:12] [Client thread/INFO]: [OptiFine] (Reflector) Class not present: net.minecraftforge.common.property.ExtendedBlockState
[23:24:12] [Client thread/INFO]: [OptiFine] (Reflector) Class not present: net.minecraftforge.fml.client.FMLClientHandler
[23:24:12] [Client thread/INFO]: [OptiFine] (Reflector) Class not present: net.minecraftforge.fml.common.FMLCommonHandler
[23:24:12] [Client thread/INFO]: [OptiFine] (Reflector) Method not present: net.minecraft.world.biome.Biome.getWaterColorMultiplier
[23:24:12] [Client thread/INFO]: [OptiFine] (Reflector) Method not present: net.minecraft.block.Block.addDestroyEffects
[23:24:12] [Client thread/INFO]: [OptiFine] (Reflector) Method not present: net.minecraft.block.Block.addHitEffects
[23:24:12] [Client thread/INFO]: [OptiFine] (Reflector) Method not present: net.minecraft.block.Block.canCreatureSpawn
[23:24:12] [Client thread/INFO]: [OptiFine] (Reflector) Method not present: net.minecraft.block.Block.canRenderInLayer
[23:24:12] [Client thread/INFO]: [OptiFine] (Reflector) Method not present: net.minecraft.block.Block.doesSideBlockRendering
[23:24:12] [Client thread/INFO]: [OptiFine] (Reflector) Method not present: net.minecraft.block.Block.getBedDirection
[23:24:12] [Client thread/INFO]: [OptiFine] (Reflector) Method not present: net.minecraft.block.Block.getExtendedState
[23:24:12] [Client thread/INFO]: [OptiFine] (Reflector) Method not present: net.minecraft.block.Block.getFogColor
[23:24:12] [Client thread/INFO]: [OptiFine] (Reflector) Method not present: net.minecraft.block.Block.getLightOpacity
[23:24:12] [Client thread/INFO]: [OptiFine] (Reflector) Method not present: net.minecraft.block.Block.getLightValue
[23:24:12] [Client thread/INFO]: [OptiFine] (Reflector) Method not present: net.minecraft.block.Block.getSoundType
[23:24:12] [Client thread/INFO]: [OptiFine] (Reflector) Method not present: net.minecraft.block.Block.hasTileEntity
[23:24:12] [Client thread/INFO]: [OptiFine] (Reflector) Method not present: net.minecraft.block.Block.isAir
[23:24:12] [Client thread/INFO]: [OptiFine] (Reflector) Method not present: net.minecraft.block.Block.isBed
[23:24:12] [Client thread/INFO]: [OptiFine] (Reflector) Method not present: net.minecraft.block.Block.isBedFoot
[23:24:12] [Client thread/INFO]: [OptiFine] (Reflector) Method not present: net.minecraft.block.Block.isSideSolid
[23:24:12] [Client thread/INFO]: [OptiFine] (Reflector) Method not present: net.minecraft.block.state.IBlockProperties.getLightValue
[23:24:12] [Client thread/INFO]: [OptiFine] (Reflector) Method not present: net.minecraft.world.ChunkCache.isSideSolid
[23:24:12] [Client thread/INFO]: [OptiFine] (Reflector) Method not present: net.minecraft.entity.Entity.canRiderInteract
[23:24:12] [Client thread/INFO]: [OptiFine] (Reflector) Field not present: net.minecraft.entity.Entity.captureDrops
[23:24:12] [Client thread/INFO]: [OptiFine] (Reflector) Field not present: net.minecraft.entity.Entity.capturedDrops
[23:24:12] [Client thread/INFO]: [OptiFine] (Reflector) Method not present: net.minecraft.entity.Entity.shouldRenderInPass
[23:24:12] [Client thread/INFO]: [OptiFine] (Reflector) Method not present: net.minecraft.entity.Entity.shouldRiderSit
[23:24:12] [Client thread/INFO]: [OptiFine] (Reflector) Class not present: net.minecraftforge.event.ForgeEventFactory
[23:24:12] [Client thread/INFO]: [OptiFine] (Reflector) Class not present: net.minecraftforge.common.ForgeHooks
[23:24:12] [Client thread/INFO]: [OptiFine] (Reflector) Class not present: net.minecraftforge.client.ForgeHooksClient
[23:24:12] [Client thread/INFO]: [OptiFine] (Reflector) Field not present: net.minecraft.item.Item.delegate
[23:24:12] [Client thread/INFO]: [OptiFine] (Reflector) Method not present: net.minecraft.item.Item.getDurabilityForDisplay
[23:24:12] [Client thread/INFO]: [OptiFine] (Reflector) Method not present: net.minecraft.item.Item.getRGBDurabilityForDisplay
[23:24:12] [Client thread/INFO]: [OptiFine] (Reflector) Method not present: net.minecraft.item.Item.isShield
[23:24:12] [Client thread/INFO]: [OptiFine] (Reflector) Method not present: net.minecraft.item.Item.onEntitySwing
[23:24:12] [Client thread/INFO]: [OptiFine] (Reflector) Method not present: net.minecraft.item.Item.shouldCauseReequipAnimation
[23:24:12] [Client thread/INFO]: [OptiFine] (Reflector) Method not present: net.minecraft.item.Item.showDurabilityBar
[23:24:12] [Client thread/INFO]: [OptiFine] (Reflector) Method not present: net.minecraft.client.renderer.block.model.ItemOverrideList.handleItemState
[23:24:12] [Client thread/INFO]: [OptiFine] (Reflector) Method not present: net.minecraft.item.ItemArmor.hasOverlay
[23:24:12] [Client thread/INFO]: [OptiFine] (Reflector) Method not present: net.minecraft.client.settings.KeyBinding.setKeyConflictContext
[23:24:12] [Client thread/INFO]: [OptiFine] (Reflector) Method not present: net.minecraft.client.settings.KeyBinding.setKeyModifierAndCode
[23:24:12] [Client thread/INFO]: [OptiFine] (Reflector) Method not present: net.minecraft.client.settings.KeyBinding.getKeyModifier
[23:24:12] [Client thread/INFO]: [OptiFine] (Reflector) Class not present: net.minecraftforge.common.ForgeModContainer
[23:24:12] [Client thread/INFO]: [OptiFine] (Reflector) Method not present: net.minecraft.client.renderer.block.model.ModelBlockDefinition.parseFromReader
[23:24:12] [Client thread/INFO]: [OptiFine] (Reflector) Method not present: net.minecraft.potion.Potion.shouldRenderHUD
[23:24:12] [Client thread/INFO]: [OptiFine] (Reflector) Method not present: net.minecraft.potion.Potion.renderHUDEffect
[23:24:12] [Client thread/INFO]: [OptiFine] (Reflector) Method not present: net.minecraft.potion.PotionEffect.isCurativeItem
[23:24:12] [Client thread/INFO]: [OptiFine] (Reflector) Method not present: net.minecraft.tileentity.TileEntity.canRenderBreaking
[23:24:12] [Client thread/INFO]: [OptiFine] (Reflector) Method not present: net.minecraft.tileentity.TileEntity.getRenderBoundingBox
[23:24:12] [Client thread/INFO]: [OptiFine] (Reflector) Method not present: net.minecraft.tileentity.TileEntity.hasFastRenderer
[23:24:12] [Client thread/INFO]: [OptiFine] (Reflector) Method not present: net.minecraft.tileentity.TileEntity.shouldRenderInPass
[23:24:12] [Client thread/INFO]: [OptiFine] (Reflector) Method not present: net.minecraft.client.renderer.vertex.VertexFormatElement$EnumUsage.preDraw
[23:24:12] [Client thread/INFO]: [OptiFine] (Reflector) Method not present: net.minecraft.client.renderer.vertex.VertexFormatElement$EnumUsage.postDraw
[23:24:12] [Client thread/INFO]: [OptiFine] (Reflector) Method not present: net.minecraft.world.World.countEntities
[23:24:12] [Client thread/INFO]: [OptiFine] (Reflector) Method not present: net.minecraft.world.World.getPerWorldStorage
[23:24:12] [Client thread/INFO]: [OptiFine] (Reflector) Method not present: net.minecraft.world.World.initCapabilities
[23:24:12] [Client thread/INFO]: [OptiFine] (Reflector) Method not present: net.minecraft.world.WorldProvider.getCloudRenderer
[23:24:12] [Client thread/INFO]: [OptiFine] (Reflector) Method not present: net.minecraft.world.WorldProvider.getSkyRenderer
[23:24:12] [Client thread/INFO]: [OptiFine] (Reflector) Method not present: net.minecraft.world.WorldProvider.getWeatherRenderer
[23:24:12] [Client thread/INFO]: [OptiFine] (Reflector) Method not present: net.minecraft.world.WorldProvider.getLightmapColors
[23:24:12] [Client thread/INFO]: [OptiFine] (Reflector) Class not present: net.minecraftforge.fml.client.GuiModList
[23:24:12] [Client thread/INFO]: [OptiFine] (Reflector) Class not present: net.minecraftforge.common.property.IExtendedBlockState
[23:24:12] [Client thread/INFO]: [OptiFine] (Reflector) Class not present: net.minecraftforge.client.model.IModel
[23:24:12] [Client thread/INFO]: [OptiFine] (Reflector) Class not present: net.minecraftforge.client.IRenderHandler
[23:24:12] [Client thread/INFO]: [OptiFine] (Reflector) Class not present: net.minecraftforge.client.ItemModelMesherForge
[23:24:12] [Client thread/INFO]: [OptiFine] (Reflector) Class not present: net.minecraftforge.client.settings.KeyConflictContext
[23:24:12] [Client thread/INFO]: [OptiFine] (Reflector) Class not present: net.minecraftforge.client.settings.KeyModifier
[23:24:12] [Client thread/INFO]: [OptiFine] (Reflector) Class not present: net.minecraft.launchwrapper.Launch
[23:24:12] [Client thread/INFO]: [OptiFine] (Reflector) Class not present: net.minecraftforge.client.model.pipeline.LightUtil
[23:24:12] [Client thread/INFO]: [OptiFine] (Reflector) Class not present: net.minecraftforge.common.MinecraftForge
[23:24:12] [Client thread/INFO]: [OptiFine] (Reflector) Class not present: net.minecraftforge.client.MinecraftForgeClient
[23:24:12] [Client thread/INFO]: [OptiFine] (Reflector) Class not present: net.minecraftforge.client.model.ModelLoader
[23:24:12] [Client thread/INFO]: [OptiFine] (Reflector) Class not present: net.minecraftforge.client.gui.NotificationModUpdateScreen
[23:24:12] [Client thread/INFO]: [OptiFine] (Reflector) Class not present: net.minecraftforge.client.event.RenderBlockOverlayEvent$OverlayType
[23:24:12] [Client thread/INFO]: [OptiFine] (Reflector) Class not present: net.minecraftforge.fml.client.registry.RenderingRegistry
[23:24:12] [Client thread/INFO]: [OptiFine] (Reflector) Class not present: net.minecraftforge.client.event.RenderItemInFrameEvent
[23:24:12] [Client thread/INFO]: [OptiFine] (Reflector) Class not present: net.minecraftforge.client.event.RenderLivingEvent$Pre
[23:24:12] [Client thread/INFO]: [OptiFine] (Reflector) Class not present: net.minecraftforge.client.event.RenderLivingEvent$Post
[23:24:12] [Client thread/INFO]: [OptiFine] (Reflector) Class not present: net.minecraftforge.client.event.RenderLivingEvent$Specials$Pre
[23:24:12] [Client thread/INFO]: [OptiFine] (Reflector) Class not present: net.minecraftforge.client.event.RenderLivingEvent$Specials$Post
[23:24:12] [Client thread/INFO]: [OptiFine] (Reflector) Class not present: net.minecraftforge.client.event.ScreenshotEvent
[23:24:12] [Client thread/INFO]: [OptiFine] (Reflector) Class not present: net.minecraftforge.fml.client.SplashProgress
[23:24:12] [Client thread/INFO]: [OptiFine] (Reflector) Class not present: net.minecraftforge.event.world.WorldEvent$Load
[23:24:12] [Client thread/INFO]: [OptiFine] *** Reflector Vanilla ***
[23:24:12] [Client thread/INFO]: [OptiFine] (Reflector) Class not present: optifine.OptiFineClassTransformer
[23:24:12] [Client thread/WARN]: Skipping bad option: lastServer:
[23:24:12] [Client thread/INFO]: LWJGL Version: 2.9.4
[23:24:13] [Client thread/INFO]: [OptiFine] 
[23:24:13] [Client thread/INFO]: [OptiFine] OptiFine_1.12.2_HD_U_C6
[23:24:13] [Client thread/INFO]: [OptiFine] Build: null
[23:24:13] [Client thread/INFO]: [OptiFine] OS: Windows 10 (amd64) version 10.0
[23:24:13] [Client thread/INFO]: [OptiFine] Java: 1.8.0_261, Oracle Corporation
[23:24:13] [Client thread/INFO]: [OptiFine] VM: Java HotSpot(TM) 64-Bit Server VM (mixed mode), Oracle Corporation
[23:24:13] [Client thread/INFO]: [OptiFine] LWJGL: 2.9.4
[23:24:13] [Client thread/INFO]: [OptiFine] OpenGL: GeForce GTX 1660 Ti/PCIe/SSE2, version 4.6.0 NVIDIA 460.79, NVIDIA Corporation
[23:24:13] [Client thread/INFO]: [OptiFine] OpenGL Version: 4.6.0
[23:24:13] [Client thread/INFO]: [OptiFine] Maximum texture size: 32768x32768
[23:24:13] [Thread-3/INFO]: [OptiFine] Checking for new version
[23:24:13] [Client thread/INFO]: [Shaders] ShadersMod version: 2.4.12
[23:24:13] [Client thread/INFO]: [Shaders] OpenGL Version: 4.6.0 NVIDIA 460.79
[23:24:13] [Client thread/INFO]: [Shaders] Vendor:  NVIDIA Corporation
[23:24:13] [Client thread/INFO]: [Shaders] Renderer: GeForce GTX 1660 Ti/PCIe/SSE2
[23:24:13] [Client thread/INFO]: [Shaders] Capabilities:  2.0  2.1  3.0  3.2  4.0 
[23:24:13] [Client thread/INFO]: [Shaders] GL_MAX_DRAW_BUFFERS: 8
[23:24:13] [Client thread/INFO]: [Shaders] GL_MAX_COLOR_ATTACHMENTS_EXT: 8
[23:24:13] [Client thread/INFO]: [Shaders] GL_MAX_TEXTURE_IMAGE_UNITS: 32
[23:24:13] [Client thread/INFO]: [Shaders] Load ShadersMod configuration.
[23:24:13] [Client thread/INFO]: [Shaders] Loaded shaderpack: (internal)
[23:24:13] [Thread-3/INFO]: [OptiFine] Version found: D3
[23:24:13] [Client thread/INFO]: Reloading ResourceManager: Default
[23:24:13] [Client thread/INFO]: [OptiFine] *** Reloading textures ***
[23:24:13] [Client thread/INFO]: [OptiFine] Resource packs: Default
[23:24:14] [Sound Library Loader/INFO]: Starting up SoundSystem...
[23:24:14] [Thread-4/INFO]: Initializing LWJGL OpenAL
[23:24:14] [Thread-4/INFO]: (The LWJGL binding of OpenAL.  For more information, see http://www.lwjgl.org)
[23:24:15] [Thread-4/INFO]: OpenAL initialized.
[23:24:15] [Sound Library Loader/INFO]: Sound engine started
[23:24:17] [Client thread/INFO]: [OptiFine] Mipmap levels: 4
[23:24:17] [Client thread/INFO]: [OptiFine] Multitexture: false
[23:24:17] [Client thread/INFO]: [OptiFine] ConnectedTextures: mcpatcher/ctm/default/0_glass_white/glass_pane_white.properties
[23:24:17] [Client thread/INFO]: [OptiFine] ConnectedTextures: mcpatcher/ctm/default/0_glass_white/glass_white.properties
[23:24:17] [Client thread/INFO]: [OptiFine] ConnectedTextures: mcpatcher/ctm/default/10_glass_purple/glass_pane_purple.properties
[23:24:17] [Client thread/INFO]: [OptiFine] ConnectedTextures: mcpatcher/ctm/default/10_glass_purple/glass_purple.properties
[23:24:17] [Client thread/INFO]: [OptiFine] ConnectedTextures: mcpatcher/ctm/default/11_glass_blue/glass_blue.properties
[23:24:17] [Client thread/INFO]: [OptiFine] ConnectedTextures: mcpatcher/ctm/default/11_glass_blue/glass_pane_blue.properties
[23:24:17] [Client thread/INFO]: [OptiFine] ConnectedTextures: mcpatcher/ctm/default/12_glass_brown/glass_brown.properties
[23:24:17] [Client thread/INFO]: [OptiFine] ConnectedTextures: mcpatcher/ctm/default/12_glass_brown/glass_pane_brown.properties
[23:24:17] [Client thread/INFO]: [OptiFine] ConnectedTextures: mcpatcher/ctm/default/13_glass_green/glass_green.properties
[23:24:17] [Client thread/INFO]: [OptiFine] ConnectedTextures: mcpatcher/ctm/default/13_glass_green/glass_pane_green.properties
[23:24:17] [Client thread/INFO]: [OptiFine] ConnectedTextures: mcpatcher/ctm/default/14_glass_red/glass_pane_red.properties
[23:24:17] [Client thread/INFO]: [OptiFine] ConnectedTextures: mcpatcher/ctm/default/14_glass_red/glass_red.properties
[23:24:17] [Client thread/INFO]: [OptiFine] ConnectedTextures: mcpatcher/ctm/default/15_glass_black/glass_black.properties
[23:24:17] [Client thread/INFO]: [OptiFine] ConnectedTextures: mcpatcher/ctm/default/15_glass_black/glass_pane_black.properties
[23:24:17] [Client thread/INFO]: [OptiFine] ConnectedTextures: mcpatcher/ctm/default/1_glass_orange/glass_orange.properties
[23:24:17] [Client thread/INFO]: [OptiFine] ConnectedTextures: mcpatcher/ctm/default/1_glass_orange/glass_pane_orange.properties
[23:24:17] [Client thread/INFO]: [OptiFine] ConnectedTextures: mcpatcher/ctm/default/2_glass_magenta/glass_magenta.properties
[23:24:17] [Client thread/INFO]: [OptiFine] ConnectedTextures: mcpatcher/ctm/default/2_glass_magenta/glass_pane_magenta.properties
[23:24:17] [Client thread/INFO]: [OptiFine] ConnectedTextures: mcpatcher/ctm/default/3_glass_light_blue/glass_light_blue.properties
[23:24:17] [Client thread/INFO]: [OptiFine] ConnectedTextures: mcpatcher/ctm/default/3_glass_light_blue/glass_pane_light_blue.properties
[23:24:17] [Client thread/INFO]: [OptiFine] ConnectedTextures: mcpatcher/ctm/default/4_glass_yellow/glass_pane_yellow.properties
[23:24:17] [Client thread/INFO]: [OptiFine] ConnectedTextures: mcpatcher/ctm/default/4_glass_yellow/glass_yellow.properties
[23:24:17] [Client thread/INFO]: [OptiFine] ConnectedTextures: mcpatcher/ctm/default/5_glass_lime/glass_lime.properties
[23:24:17] [Client thread/INFO]: [OptiFine] ConnectedTextures: mcpatcher/ctm/default/5_glass_lime/glass_pane_lime.properties
[23:24:17] [Client thread/INFO]: [OptiFine] ConnectedTextures: mcpatcher/ctm/default/6_glass_pink/glass_pane_pink.properties
[23:24:17] [Client thread/INFO]: [OptiFine] ConnectedTextures: mcpatcher/ctm/default/6_glass_pink/glass_pink.properties
[23:24:17] [Client thread/INFO]: [OptiFine] ConnectedTextures: mcpatcher/ctm/default/7_glass_gray/glass_gray.properties
[23:24:17] [Client thread/INFO]: [OptiFine] ConnectedTextures: mcpatcher/ctm/default/7_glass_gray/glass_pane_gray.properties
[23:24:17] [Client thread/INFO]: [OptiFine] ConnectedTextures: mcpatcher/ctm/default/8_glass_silver/glass_pane_silver.properties
[23:24:17] [Client thread/INFO]: [OptiFine] ConnectedTextures: mcpatcher/ctm/default/8_glass_silver/glass_silver.properties
[23:24:17] [Client thread/INFO]: [OptiFine] ConnectedTextures: mcpatcher/ctm/default/9_glass_cyan/glass_cyan.properties
[23:24:17] [Client thread/INFO]: [OptiFine] ConnectedTextures: mcpatcher/ctm/default/9_glass_cyan/glass_pane_cyan.properties
[23:24:17] [Client thread/INFO]: [OptiFine] ConnectedTextures: mcpatcher/ctm/default/bookshelf.properties
[23:24:17] [Client thread/INFO]: [OptiFine] ConnectedTextures: mcpatcher/ctm/default/glass.properties
[23:24:17] [Client thread/INFO]: [OptiFine] ConnectedTextures: mcpatcher/ctm/default/glasspane.properties
[23:24:17] [Client thread/INFO]: [OptiFine] ConnectedTextures: mcpatcher/ctm/default/sandstone.properties
[23:24:17] [Client thread/INFO]: [OptiFine] Multipass connected textures: false
[23:24:17] [Client thread/INFO]: [OptiFine] BetterGrass: Parsing default configuration optifine/bettergrass.properties
[23:24:21] [Client thread/INFO]: Created: 1024x512 textures-atlas
[23:24:21] [Client thread/INFO]: [Shaders] allocateTextureMap 4 1024 512 
[23:24:22] [Client thread/INFO]: Narrator library for x64 successfully loaded
[23:24:22] [Client thread/INFO]: UI initialized!
[23:24:22] [Client thread/INFO]: Module system initialized!
[23:24:22] [Client thread/INFO]: Setting system initialized!
[23:24:22] [Client thread/INFO]: Configs initialized!
[23:24:22] [Client thread/INFO]: LasVenturas is has initialized!
[23:24:22] [Client thread/INFO]: [OptiFine] *** Reloading custom textures ***
[23:24:33] [Server thread/INFO]: Starting integrated minecraft server version 1.12.2
[23:24:33] [Server thread/INFO]: Generating keypair
[23:24:34] [Server thread/INFO]: Loaded 488 advancements
[23:24:34] [Server thread/INFO]: Preparing start region for level 0
[23:24:35] [Server thread/INFO]: Preparing spawn area: 52%
[23:24:35] [Server thread/INFO]: Changing view distance to 8, from 10
[23:24:36] [Server thread/INFO]: Player773[local:E:2dc44ba0] logged in with entity id 203 at (283.9071186996989, 64.0, 144.7431808691575)
[23:24:37] [Server thread/INFO]: Player773 joined the game
[23:24:37] [Client thread/INFO]: [CHAT] A new §eOptiFine§f version is available: §eHD Ultra D3§f
[23:24:37] [Client thread/INFO]: [Shaders] usedColorBuffers: 4
[23:24:37] [Client thread/INFO]: [Shaders] usedDepthBuffers: 1
[23:24:37] [Client thread/INFO]: [Shaders] usedShadowColorBuffers: 0
[23:24:37] [Client thread/INFO]: [Shaders] usedShadowDepthBuffers: 0
[23:24:37] [Client thread/INFO]: [Shaders] usedColorAttachs: 4
[23:24:37] [Client thread/INFO]: [Shaders] usedDrawBuffers: 1
[23:24:37] [Client thread/INFO]: [Shaders] Framebuffer created.
[23:24:37] [Client thread/INFO]: [Shaders] Reset world renderers
[23:24:37] [Server thread/INFO]: Saving and pausing game...
[23:24:37] [Server thread/INFO]: Saving chunks for level 'mcpworld'/overworld
[23:24:38] [Server thread/INFO]: Saving chunks for level 'mcpworld'/the_nether
[23:24:38] [Server thread/INFO]: Saving chunks for level 'mcpworld'/the_end
[23:24:38] [Client thread/INFO]: [Shaders] Reset model renderers
[23:24:38] [Client thread/INFO]: Loaded 3 advancements
[23:24:49] [Server thread/INFO]: Saving and pausing game...
[23:24:49] [Server thread/INFO]: Saving chunks for level 'mcpworld'/overworld
[23:24:49] [Server thread/INFO]: Saving chunks for level 'mcpworld'/the_nether
[23:24:49] [Server thread/INFO]: Saving chunks for level 'mcpworld'/the_end
[23:24:50] [Server thread/INFO]: Stopping server
[23:24:50] [Server thread/INFO]: Saving players
[23:24:50] [Server thread/INFO]: Player773 lost connection: Disconnected
[23:24:50] [Server thread/INFO]: Player773 left the game
[23:24:50] [Server thread/INFO]: Stopping singleplayer server as player logged out
[23:24:50] [Server thread/INFO]: Saving worlds
[23:24:50] [Server thread/INFO]: Saving chunks for level 'mcpworld'/overworld
[23:24:50] [Server thread/INFO]: Saving chunks for level 'mcpworld'/the_nether
[23:24:50] [Server thread/INFO]: Saving chunks for level 'mcpworld'/the_end
[23:24:56] [Client thread/INFO]: Stopping!
[23:24:56] [Client thread/INFO]: SoundSystem shutting down...
[23:24:56] [Client thread/WARN]: Author: Paul Lamb, www.paulscode.com
